<?xml version="1.0" encoding="UTF-8"?>
<!-- Generated by org.testng.reporters.JUnitXMLReporter -->
<testsuite ignored="1" hostname="DESKTOP-SDLN166" failures="1" tests="7" name="Test" time="163.034" errors="0" timestamp="2024-01-09T13:06:26 IST">
  <testcase classname="com.cart.tests.CartHomeTest" name="ValidateLogo" time="0.78"/>
  <testcase classname="com.cart.tests.CartHomeTest" name="ValidateSearchProducts" time="3.681"/>
  <testcase classname="com.cart.tests.CartHomeTest" name="addMultipleProductToCart" time="3.937"/>
  <testcase classname="com.cart.tests.CartHomeTest" name="clickProceedCheckBtn" time="16.939"/>
  <testcase classname="com.cart.tests.CartHomeTest" name="getTitle" time="0.085"/>
  <testcase classname="com.cart.tests.CartHomeTest" name="validateCountOfSearchedProducts" time="3.364"/>
  <testcase classname="com.cart.tests.CartPageTest" name="getCartProducts" time="0.021">
    <failure type="java.lang.AssertionError" message="lists don&amp;apos;t have the same size expected [0] but found [3]">
      <![CDATA[java.lang.AssertionError: lists don't have the same size expected [0] but found [3]
at com.cart.tests.CartPageTest.getCartProducts(CartPageTest.java:41)
at java.base/java.util.ArrayList.forEach(ArrayList.java:1511)
... Removed 34 stack frames]]>
    </failure>
  </testcase> <!-- getCartProducts -->
  <testcase classname="com.crm.base.page.BasePage" name="@BeforeSuite initailizeReports" time="0.0">
    <ignored/>
  </testcase> <!-- @BeforeSuite initailizeReports -->
</testsuite> <!-- Test -->
