<?xml version="1.0" encoding="UTF-8"?>
<!-- Generated by org.testng.reporters.JUnitXMLReporter -->
<testsuite ignored="6" hostname="DESKTOP-SDLN166" failures="0" tests="9" name="Test" time="298.686" errors="0" timestamp="2022-04-05T18:46:51 IST">
  <testcase classname="com.my_store.qa.tests.OrderPageTest" name="@BeforeMethod setup" time="22.021">
    <failure type="org.openqa.selenium.NoSuchElementException" message="no such element: Unable to locate element: {&amp;quot;method&amp;quot;:&amp;quot;css selector&amp;quot;,&amp;quot;selector&amp;quot;:&amp;quot;#selectProductSort&amp;quot;}
  (Session info: chrome=94.0.4606.54)
For documentation on this error, please visit: https://selenium.dev/exceptions/#no_such_element
Build info: version: &amp;apos;4.1.2&amp;apos;, revision: &amp;apos;9a5a329c5a&amp;apos;
System info: host: &amp;apos;DESKTOP-SDLN166&amp;apos;, ip: &amp;apos;192.168.56.1&amp;apos;, os.name: &amp;apos;Windows 10&amp;apos;, os.arch: &amp;apos;amd64&amp;apos;, os.version: &amp;apos;10.0&amp;apos;, java.version: &amp;apos;16.0.2&amp;apos;
Driver info: org.openqa.selenium.chrome.ChromeDriver
Command: [83e39a66ff448e5fb22b361f6326772f, findElement {using=id, value=selectProductSort}]
Capabilities {acceptInsecureCerts: false, browserName: chrome, browserVersion: 94.0.4606.54, chrome: {chromedriverVersion: 94.0.4606.61 (418b78f5838ed..., userDataDir: C:\Users\Admin\AppData\Loca...}, goog:chromeOptions: {debuggerAddress: localhost:56203}, javascriptEnabled: true, networkConnectionEnabled: false, pageLoadStrategy: normal, platform: WINDOWS, platformName: WINDOWS, proxy: Proxy(), se:cdp: ws://localhost:56203/devtoo..., se:cdpVersion: 94.0.4606.54, setWindowRect: true, strictFileInteractability: false, timeouts: {implicit: 0, pageLoad: 300000, script: 30000}, unhandledPromptBehavior: dismiss and notify, webauthn:extension:credBlob: true, webauthn:extension:largeBlob: true, webauthn:virtualAuthenticators: true}
Session ID: 83e39a66ff448e5fb22b361f6326772f">
      <![CDATA[org.openqa.selenium.NoSuchElementException: no such element: Unable to locate element: {"method":"css selector","selector":"#selectProductSort"}
  (Session info: chrome=94.0.4606.54)
For documentation on this error, please visit: https://selenium.dev/exceptions/#no_such_element
Build info: version: '4.1.2', revision: '9a5a329c5a'
System info: host: 'DESKTOP-SDLN166', ip: '192.168.56.1', os.name: 'Windows 10', os.arch: 'amd64', os.version: '10.0', java.version: '16.0.2'
Driver info: org.openqa.selenium.chrome.ChromeDriver
Command: [83e39a66ff448e5fb22b361f6326772f, findElement {using=id, value=selectProductSort}]
Capabilities {acceptInsecureCerts: false, browserName: chrome, browserVersion: 94.0.4606.54, chrome: {chromedriverVersion: 94.0.4606.61 (418b78f5838ed..., userDataDir: C:\Users\Admin\AppData\Loca...}, goog:chromeOptions: {debuggerAddress: localhost:56203}, javascriptEnabled: true, networkConnectionEnabled: false, pageLoadStrategy: normal, platform: WINDOWS, platformName: WINDOWS, proxy: Proxy(), se:cdp: ws://localhost:56203/devtoo..., se:cdpVersion: 94.0.4606.54, setWindowRect: true, strictFileInteractability: false, timeouts: {implicit: 0, pageLoad: 300000, script: 30000}, unhandledPromptBehavior: dismiss and notify, webauthn:extension:credBlob: true, webauthn:extension:largeBlob: true, webauthn:virtualAuthenticators: true}
Session ID: 83e39a66ff448e5fb22b361f6326772f
at org.openqa.selenium.remote.codec.w3c.W3CHttpResponseCodec.createException(W3CHttpResponseCodec.java:200)
at org.openqa.selenium.remote.codec.w3c.W3CHttpResponseCodec.decode(W3CHttpResponseCodec.java:133)
at org.openqa.selenium.remote.codec.w3c.W3CHttpResponseCodec.decode(W3CHttpResponseCodec.java:53)
at org.openqa.selenium.remote.HttpCommandExecutor.execute(HttpCommandExecutor.java:184)
at org.openqa.selenium.remote.service.DriverCommandExecutor.invokeExecute(DriverCommandExecutor.java:167)
at org.openqa.selenium.remote.service.DriverCommandExecutor.execute(DriverCommandExecutor.java:142)
at org.openqa.selenium.remote.RemoteWebDriver.execute(RemoteWebDriver.java:558)
at org.openqa.selenium.remote.ElementLocation$ElementFinder$2.findElement(ElementLocation.java:162)
at org.openqa.selenium.remote.ElementLocation.findElement(ElementLocation.java:60)
at org.openqa.selenium.remote.RemoteWebDriver.findElement(RemoteWebDriver.java:382)
at org.openqa.selenium.remote.RemoteWebDriver.findElement(RemoteWebDriver.java:374)
at org.openqa.selenium.support.pagefactory.DefaultElementLocator.findElement(DefaultElementLocator.java:70)
at org.openqa.selenium.support.pagefactory.internal.LocatingElementHandler.invoke(LocatingElementHandler.java:39)
at jdk.proxy2/jdk.proxy2.$Proxy21.findElements(Unknown Source)
at org.openqa.selenium.support.ui.Select.getOptions(Select.java:79)
at org.openqa.selenium.support.ui.Select.getFirstSelectedOption(Select.java:97)
at com.my_store.qa.actions.Action.select(Action.java:137)
at com.my_store.qa.pages.MyStoreSearchPage.selectDD(MyStoreSearchPage.java:40)
at com.my_store.qa.tests.OrderPageTest.setup(OrderPageTest.java:44)
at java.base/java.util.ArrayList.forEach(ArrayList.java:1511)
... Removed 36 stack frames]]>
    </failure>
  </testcase> <!-- @BeforeMethod setup -->
  <testcase classname="com.my_store.qa.base.BasePage" name="@AfterMethod tearDown" time="0.0">
    <skipped/>
  </testcase> <!-- @AfterMethod tearDown -->
  <testcase classname="com.my_store.qa.tests.MyStoreSearchPageTest" name="getTitle" time="0.058"/>
  <testcase classname="com.my_store.qa.tests.MyStoreSearchPageTest" name="selectOption" time="6.751"/>
  <testcase classname="com.my_store.qa.tests.MyStoreSearchPageTest" name="clickPrintedDressImg" time="4.423"/>
  <testcase classname="com.my_store.qa.tests.OrderPageTest" name="verifySummuryOfOrederTest" time="0.0">
    <skipped/>
  </testcase> <!-- verifySummuryOfOrederTest -->
  <testcase classname="com.my_store.qa.tests.MyStoreIndexPageTest" name="getTitlePageTest" time="0.028"/>
  <testcase classname="com.my_store.qa.tests.MyStoreIndexPageTest" name="getLogoTest" time="0.249"/>
  <testcase classname="com.my_store.qa.tests.MyStoreIndexPageTest" name="searchBoxTest" time="6.403"/>
  <testcase classname="com.my_store.qa.tests.ProductPageTest" name="getPageTitleTest" time="0.026"/>
  <testcase classname="com.my_store.qa.tests.ProductPageTest" name="selectItemQuantityTest" time="5.949"/>
  <testcase classname="com.my_store.qa.base.BasePage" name="@BeforeSuite startReport" time="0.0">
    <ignored/>
  </testcase> <!-- @BeforeSuite startReport -->
  <testcase classname="com.my_store.qa.base.BasePage" name="@AfterSuite flushrport" time="0.0">
    <ignored/>
  </testcase> <!-- @AfterSuite flushrport -->
  <testcase classname="com.my_store.qa.base.BasePage" name="@AfterSuite flushrport" time="0.0">
    <ignored/>
  </testcase> <!-- @AfterSuite flushrport -->
  <testcase classname="com.my_store.qa.base.BasePage" name="@AfterSuite flushrport" time="0.0">
    <ignored/>
  </testcase> <!-- @AfterSuite flushrport -->
  <testcase classname="com.my_store.qa.base.BasePage" name="@BeforeSuite startReport" time="0.0">
    <ignored/>
  </testcase> <!-- @BeforeSuite startReport -->
  <testcase classname="com.my_store.qa.base.BasePage" name="@BeforeSuite startReport" time="0.0">
    <ignored/>
  </testcase> <!-- @BeforeSuite startReport -->
</testsuite> <!-- Test -->
